<?xml version="1.0" encoding="UTF-8"?>
<testng-results skipped="0" failed="0" total="2" passed="2">
  <reporter-output>
  </reporter-output>
  <suite name="Suite" duration-ms="23377" started-at="2021-11-05T18:15:07Z" finished-at="2021-11-05T18:15:31Z">
    <groups>
    </groups>
    <test name="test" duration-ms="12044" started-at="2021-11-05T18:15:07Z" finished-at="2021-11-05T18:15:19Z">
      <class name="testCases.LoginTest">
        <test-method status="PASS" signature="setUp(java.lang.String)[pri:0, instance:testCases.LoginTest@55f3ddb1]" name="setUp" is-config="true" duration-ms="4461" started-at="2021-11-05T23:45:07Z" finished-at="2021-11-05T23:45:12Z">
          <params>
            <param index="0">
              <value>
                <![CDATA[chrome]]>
              </value>
            </param>
          </params>
          <reporter-output>
          </reporter-output>
        </test-method> <!-- setUp -->
        <test-method status="PASS" signature="loginTest()[pri:0, instance:testCases.LoginTest@55f3ddb1]" name="loginTest" duration-ms="7441" started-at="2021-11-05T23:45:12Z" finished-at="2021-11-05T23:45:19Z">
          <reporter-output>
          </reporter-output>
        </test-method> <!-- loginTest -->
        <test-method status="PASS" signature="tearDown()[pri:0, instance:testCases.LoginTest@55f3ddb1]" name="tearDown" is-config="true" duration-ms="128" started-at="2021-11-05T23:45:19Z" finished-at="2021-11-05T23:45:19Z">
          <reporter-output>
          </reporter-output>
        </test-method> <!-- tearDown -->
      </class> <!-- testCases.LoginTest -->
    </test> <!-- test -->
    <test name="firefoxTest" duration-ms="11283" started-at="2021-11-05T18:15:19Z" finished-at="2021-11-05T18:15:31Z">
      <class name="testCases.LoginTest">
        <test-method status="PASS" signature="setUp(java.lang.String)[pri:0, instance:testCases.LoginTest@6f7fd0e6]" name="setUp" is-config="true" duration-ms="3882" started-at="2021-11-05T23:45:19Z" finished-at="2021-11-05T23:45:23Z">
          <params>
            <param index="0">
              <value>
                <![CDATA[firefox]]>
              </value>
            </param>
          </params>
          <reporter-output>
          </reporter-output>
        </test-method> <!-- setUp -->
        <test-method status="PASS" signature="loginTest()[pri:0, instance:testCases.LoginTest@6f7fd0e6]" name="loginTest" duration-ms="7279" started-at="2021-11-05T23:45:23Z" finished-at="2021-11-05T23:45:31Z">
          <reporter-output>
          </reporter-output>
        </test-method> <!-- loginTest -->
        <test-method status="PASS" signature="tearDown()[pri:0, instance:testCases.LoginTest@6f7fd0e6]" name="tearDown" is-config="true" duration-ms="119" started-at="2021-11-05T23:45:31Z" finished-at="2021-11-05T23:45:31Z">
          <reporter-output>
          </reporter-output>
        </test-method> <!-- tearDown -->
      </class> <!-- testCases.LoginTest -->
    </test> <!-- firefoxTest -->
  </suite> <!-- Suite -->
</testng-results>
